<?xml version="1.0" encoding="UTF-8"?>
<!-- Generated by org.testng.reporters.JUnitReportReporter -->
<testsuite hostname="Aryan" failures="0" tests="1" name="storedProcedureTesting.SPTesting" time="0.353" errors="0" timestamp="2023-04-04T12:13:05 PDT" skipped="0">
  <testcase classname="storedProcedureTesting.SPTesting" name="test_getCustomerShipping" time="0.353"/>
  <system-out/>
</testsuite> <!-- storedProcedureTesting.SPTesting -->
