<?xml version="1.0" encoding="UTF-8"?>
<!-- Generated by org.testng.reporters.JUnitReportReporter -->
<testsuite hostname="Aryan" failures="0" tests="1" name="storedFunctionsTesting.SFTesting" time="0.521" errors="0" timestamp="2023-04-04T13:27:23 PDT" skipped="0">
  <testcase classname="storedFunctionsTesting.SFTesting" name="test_customerLeveWithStoredProcedure" time="0.521"/>
  <system-out/>
</testsuite> <!-- storedFunctionsTesting.SFTesting -->
